<?xml version="1.0" encoding="UTF-8"?>
<!-- Generated by org.testng.reporters.JUnitXMLReporter -->
<testsuite ignored="6" hostname="DESKTOP-BLPH810" failures="0" tests="1" name="Default test(failed)" time="6.927" errors="0" timestamp="2023-12-07T00:23:38 IST">
  <testcase classname="testCases.Inventory_page_2_Test" name="remove2ProductsTest" time="2.188"/>
  <testcase classname="testCases.Inventory_page_2_Test" name="verifyFacebookLogoTest" time="0.0">
    <ignored/>
  </testcase> <!-- verifyFacebookLogoTest -->
  <testcase classname="testCases.Inventory_page_2_Test" name="verifytwitterLogoTest" time="0.0">
    <ignored/>
  </testcase> <!-- verifytwitterLogoTest -->
  <testcase classname="testCases.Inventory_page_2_Test" name="add6Products" time="0.0">
    <ignored/>
  </testcase> <!-- add6Products -->
  <testcase classname="testCases.Inventory_page_2_Test" name="verifyLinkedinLogoTest" time="0.0">
    <ignored/>
  </testcase> <!-- verifyLinkedinLogoTest -->
  <testcase classname="testCases.Inventory_page_2_Test" name="verifyproductsLabelTest" time="0.0">
    <ignored/>
  </testcase> <!-- verifyproductsLabelTest -->
  <testcase classname="testCases.Inventory_page_2_Test" name="verifyMenuBtnTest" time="0.0">
    <ignored/>
  </testcase> <!-- verifyMenuBtnTest -->
</testsuite> <!-- Default test(failed) -->
