<?xml version="1.0" encoding="UTF-8"?>
<!-- Generated by org.testng.reporters.JUnitXMLReporter -->
<testsuite ignored="7" hostname="DESKTOP-BLPH810" failures="0" tests="3" name="Test_Group" time="14.076" errors="0" timestamp="2023-12-13T19:59:00 IST">
  <testcase classname="testCases.LoginPageTest" name="verifyTitleOfApplicationTest" time="1.442"/>
  <testcase classname="testCases.LoginPageTest" name="verifyURLOfApplicationTest" time="0.108"/>
  <testcase classname="testCases.Inventory_page_2_Test" name="verifyproductsLabelTest" time="0.077"/>
  <testcase classname="testCases.Inventory_page_2_Test" name="remove2ProductsTest" time="0.0">
    <ignored/>
  </testcase> <!-- remove2ProductsTest -->
  <testcase classname="testCases.Inventory_page_2_Test" name="add6Products" time="0.0">
    <ignored/>
  </testcase> <!-- add6Products -->
  <testcase classname="testCases.Inventory_page_2_Test" name="verifyFacebookLogoTest" time="0.0">
    <ignored/>
  </testcase> <!-- verifyFacebookLogoTest -->
  <testcase classname="testCases.Inventory_page_2_Test" name="verifytwitterLogoTest" time="0.0">
    <ignored/>
  </testcase> <!-- verifytwitterLogoTest -->
  <testcase classname="testCases.Inventory_page_2_Test" name="verifyMenuBtnTest" time="0.0">
    <ignored/>
  </testcase> <!-- verifyMenuBtnTest -->
  <testcase classname="testCases.Inventory_page_2_Test" name="verifyLinkedinLogoTest" time="0.0">
    <ignored/>
  </testcase> <!-- verifyLinkedinLogoTest -->
  <testcase classname="testCases.LoginPageTest" name="loginToApplicationTest" time="0.0">
    <ignored/>
  </testcase> <!-- loginToApplicationTest -->
</testsuite> <!-- Test_Group -->
