<?xml version="1.0" encoding="UTF-8"?>
<!-- Generated by org.testng.reporters.JUnitXMLReporter -->
<testsuite ignored="0" hostname="DESKTOP-BLPH810" failures="0" tests="30" name="CompleteAllPageTest" time="86.9" errors="0" timestamp="2023-12-08T13:35:38 IST">
  <testcase classname="testCases.Cart_Page_Test" name="verifyCartLabelTest" time="0.037"/>
  <testcase classname="testCases.Cart_Page_Test" name="verifyCartPageURLTest" time="0.017"/>
  <testcase classname="testCases.CompletePageTest" name="BackHomeBtnTest" time="0.063"/>
  <testcase classname="testCases.CompletePageTest" name="verifyCompleteLabelTest" time="0.03"/>
  <testcase classname="testCases.CompletePageTest" name="verifyImgLogoTest" time="0.043"/>
  <testcase classname="testCases.CompletePageTest" name="verifyOrderDispatchTextTest" time="0.03"/>
  <testcase classname="testCases.CompletePageTest" name="verifyThankYouTextTest" time="0.032"/>
  <testcase classname="testCases.LoginPageTest" name="loginToApplicationTest" time="1.286"/>
  <testcase classname="testCases.LoginPageTest" name="verifyTitleOfApplicationTest" time="0.07"/>
  <testcase classname="testCases.LoginPageTest" name="verifyURLOfApplicationTest" time="0.09"/>
  <testcase classname="testCases.CheckOutPage1_Test" name="InputinformationTest" time="0.264"/>
  <testcase classname="testCases.CheckOutPage1_Test" name="verifyTitleOfApplicationTest" time="0.025"/>
  <testcase classname="testCases.CheckOutPage1_Test" name="verifyURLOfApplicatioTest" time="0.013"/>
  <testcase classname="testCases.CheckOutPage2Test" name="ClickOnCancelBtnTest" time="0.065"/>
  <testcase classname="testCases.CheckOutPage2Test" name="ClickOnFinishBtnTest" time="0.052"/>
  <testcase classname="testCases.CheckOutPage2Test" name="verifyDiscriptionTest" time="0.019"/>
  <testcase classname="testCases.CheckOutPage2Test" name="verifyLabelTest" time="0.018"/>
  <testcase classname="testCases.CheckOutPage2Test" name="verifyPaymentLabelTest" time="0.024"/>
  <testcase classname="testCases.CheckOutPage2Test" name="verifyPriceTotalLabelTest" time="0.024"/>
  <testcase classname="testCases.CheckOutPage2Test" name="verifyQTYLabelTest" time="0.016"/>
  <testcase classname="testCases.CheckOutPage2Test" name="verifyShippingLabelTest" time="0.021"/>
  <testcase classname="testCases.CheckOutPage2Test" name="verifyTotalLabelTest" time="0.025"/>
  <testcase classname="testCases.CheckOutPage2Test" name="verifyURLOfApplicationTest" time="0.003"/>
  <testcase classname="testCases.Inventory_page_2_Test" name="add6Products" time="0.582"/>
  <testcase classname="testCases.Inventory_page_2_Test" name="remove2ProductsTest" time="0.541"/>
  <testcase classname="testCases.Inventory_page_2_Test" name="verifyFacebookLogoTest" time="0.026"/>
  <testcase classname="testCases.Inventory_page_2_Test" name="verifyLinkedinLogoTest" time="0.077"/>
  <testcase classname="testCases.Inventory_page_2_Test" name="verifyMenuBtnTest" time="0.12"/>
  <testcase classname="testCases.Inventory_page_2_Test" name="verifyproductsLabelTest" time="0.149"/>
  <testcase classname="testCases.Inventory_page_2_Test" name="verifytwitterLogoTest" time="0.051"/>
</testsuite> <!-- CompleteAllPageTest -->
