<?xml version="1.0" encoding="UTF-8"?>
<!-- Generated by org.testng.reporters.JUnitXMLReporter -->
<testsuite ignored="0" hostname="DESKTOP-BLPH810" failures="0" tests="10" name="Test" time="27.717" errors="0" timestamp="2023-12-07T00:38:06 IST">
  <testcase classname="testCases.LoginPageTest" name="loginToApplicationTest" time="1.761"/>
  <testcase classname="testCases.LoginPageTest" name="verifyTitleOfApplicationTest" time="0.104"/>
  <testcase classname="testCases.LoginPageTest" name="verifyURLOfApplicationTest" time="0.075"/>
  <testcase classname="testCases.Inventory_page_2_Test" name="add6Products" time="0.505"/>
  <testcase classname="testCases.Inventory_page_2_Test" name="remove2ProductsTest" time="0.659"/>
  <testcase classname="testCases.Inventory_page_2_Test" name="verifyFacebookLogoTest" time="0.085"/>
  <testcase classname="testCases.Inventory_page_2_Test" name="verifyLinkedinLogoTest" time="0.1"/>
  <testcase classname="testCases.Inventory_page_2_Test" name="verifyMenuBtnTest" time="0.175"/>
  <testcase classname="testCases.Inventory_page_2_Test" name="verifyproductsLabelTest" time="0.163"/>
  <testcase classname="testCases.Inventory_page_2_Test" name="verifytwitterLogoTest" time="0.075"/>
</testsuite> <!-- Test -->
